{"/home/ilham/Desktop/vite-project/src/Counter.jsx": {"path":"/home/ilham/Desktop/vite-project/src/Counter.jsx","all":false,"statementMap":{"0":{"start":{"line":1,"column":0},"end":{"line":1,"column":32}},"1":{"start":{"line":2,"column":0},"end":{"line":2,"column":41}},"2":{"start":{"line":3,"column":0},"end":{"line":3,"column":23}},"3":{"start":{"line":4,"column":0},"end":{"line":4,"column":2}},"4":{"start":{"line":5,"column":0},"end":{"line":5,"column":63}},"5":{"start":{"line":6,"column":0},"end":{"line":6,"column":10}},"6":{"start":{"line":7,"column":0},"end":{"line":7,"column":29}},"7":{"start":{"line":8,"column":0},"end":{"line":8,"column":28}},"8":{"start":{"line":9,"column":0},"end":{"line":9,"column":64}},"9":{"start":{"line":10,"column":0},"end":{"line":10,"column":38}},"10":{"start":{"line":11,"column":0},"end":{"line":11,"column":71}},"11":{"start":{"line":12,"column":0},"end":{"line":12,"column":71}},"12":{"start":{"line":13,"column":0},"end":{"line":13,"column":64}},"13":{"start":{"line":14,"column":0},"end":{"line":14,"column":12}},"14":{"start":{"line":15,"column":0},"end":{"line":15,"column":10}},"15":{"start":{"line":16,"column":0},"end":{"line":16,"column":4}},"16":{"start":{"line":17,"column":0},"end":{"line":17,"column":1}},"17":{"start":{"line":18,"column":0},"end":{"line":18,"column":0}},"18":{"start":{"line":19,"column":0},"end":{"line":19,"column":22}}},"s":{"0":1,"1":1,"2":1,"3":5,"4":5,"5":5,"6":5,"7":5,"8":5,"9":5,"10":5,"11":5,"12":5,"13":5,"14":5,"15":5,"16":5,"17":1,"18":1},"branchMap":{"0":{"type":"branch","line":3,"loc":{"start":{"line":3,"column":16},"end":{"line":17,"column":1}},"locations":[{"start":{"line":3,"column":16},"end":{"line":17,"column":1}}]}},"b":{"0":[5]},"fnMap":{"0":{"name":"Counter","decl":{"start":{"line":3,"column":16},"end":{"line":17,"column":1}},"loc":{"start":{"line":3,"column":16},"end":{"line":17,"column":1}},"line":3}},"f":{"0":5}}
,"/home/ilham/Desktop/vite-project/src/useCounter.js": {"path":"/home/ilham/Desktop/vite-project/src/useCounter.js","all":false,"statementMap":{"0":{"start":{"line":1,"column":0},"end":{"line":1,"column":45}},"1":{"start":{"line":2,"column":0},"end":{"line":2,"column":33}},"2":{"start":{"line":3,"column":0},"end":{"line":3,"column":38}},"3":{"start":{"line":4,"column":0},"end":{"line":4,"column":62}},"4":{"start":{"line":5,"column":0},"end":{"line":5,"column":63}},"5":{"start":{"line":6,"column":0},"end":{"line":6,"column":50}},"6":{"start":{"line":7,"column":0},"end":{"line":7,"column":46}},"7":{"start":{"line":8,"column":0},"end":{"line":8,"column":2}}},"s":{"0":1,"1":1,"2":11,"3":11,"4":11,"5":11,"6":11,"7":11},"branchMap":{"0":{"type":"branch","line":2,"loc":{"start":{"line":2,"column":26},"end":{"line":8,"column":2}},"locations":[{"start":{"line":2,"column":26},"end":{"line":8,"column":2}}]},"1":{"type":"branch","line":4,"loc":{"start":{"line":4,"column":30},"end":{"line":4,"column":56}},"locations":[{"start":{"line":4,"column":30},"end":{"line":4,"column":56}}]},"2":{"type":"branch","line":4,"loc":{"start":{"line":4,"column":45},"end":{"line":4,"column":55}},"locations":[{"start":{"line":4,"column":45},"end":{"line":4,"column":55}}]},"3":{"type":"branch","line":5,"loc":{"start":{"line":5,"column":30},"end":{"line":5,"column":57}},"locations":[{"start":{"line":5,"column":30},"end":{"line":5,"column":57}}]},"4":{"type":"branch","line":5,"loc":{"start":{"line":5,"column":46},"end":{"line":5,"column":56}},"locations":[{"start":{"line":5,"column":46},"end":{"line":5,"column":56}}]},"5":{"type":"branch","line":6,"loc":{"start":{"line":6,"column":26},"end":{"line":6,"column":44}},"locations":[{"start":{"line":6,"column":26},"end":{"line":6,"column":44}}]}},"b":{"0":[11],"1":[2],"2":[2],"3":[3],"4":[3],"5":[1]},"fnMap":{"0":{"name":"useCounter","decl":{"start":{"line":2,"column":26},"end":{"line":8,"column":2}},"loc":{"start":{"line":2,"column":26},"end":{"line":8,"column":2}},"line":2}},"f":{"0":11}}
,"/home/ilham/Desktop/vite-project/src/test/test-utils.js": {"path":"/home/ilham/Desktop/vite-project/src/test/test-utils.js","all":false,"statementMap":{"0":{"start":{"line":1,"column":0},"end":{"line":1,"column":57}},"1":{"start":{"line":2,"column":0},"end":{"line":2,"column":26}},"2":{"start":{"line":3,"column":0},"end":{"line":3,"column":35}},"3":{"start":{"line":4,"column":0},"end":{"line":4,"column":0}},"4":{"start":{"line":5,"column":0},"end":{"line":5,"column":17}},"5":{"start":{"line":6,"column":0},"end":{"line":6,"column":14}},"6":{"start":{"line":7,"column":0},"end":{"line":7,"column":3}},"7":{"start":{"line":8,"column":0},"end":{"line":8,"column":0}},"8":{"start":{"line":9,"column":0},"end":{"line":9,"column":44}},"9":{"start":{"line":10,"column":0},"end":{"line":10,"column":16}},"10":{"start":{"line":11,"column":0},"end":{"line":11,"column":42}},"11":{"start":{"line":12,"column":0},"end":{"line":12,"column":40}},"12":{"start":{"line":13,"column":0},"end":{"line":13,"column":15}},"13":{"start":{"line":14,"column":0},"end":{"line":14,"column":7}},"14":{"start":{"line":15,"column":0},"end":{"line":15,"column":2}},"15":{"start":{"line":16,"column":0},"end":{"line":16,"column":0}},"16":{"start":{"line":17,"column":0},"end":{"line":17,"column":39}},"17":{"start":{"line":18,"column":0},"end":{"line":18,"column":67}},"18":{"start":{"line":19,"column":0},"end":{"line":19,"column":0}},"19":{"start":{"line":20,"column":0},"end":{"line":20,"column":34}}},"s":{"0":1,"1":1,"2":1,"3":1,"4":1,"5":3,"6":1,"7":1,"8":1,"9":3,"10":3,"11":3,"12":3,"13":3,"14":3,"15":1,"16":1,"17":1,"18":1,"19":1},"branchMap":{"0":{"type":"branch","line":5,"loc":{"start":{"line":5,"column":10},"end":{"line":7,"column":2}},"locations":[{"start":{"line":5,"column":10},"end":{"line":7,"column":2}}]},"1":{"type":"branch","line":9,"loc":{"start":{"line":9,"column":21},"end":{"line":15,"column":2}},"locations":[{"start":{"line":9,"column":21},"end":{"line":15,"column":2}}]},"2":{"type":"branch","line":12,"loc":{"start":{"line":12,"column":13},"end":{"line":12,"column":39}},"locations":[{"start":{"line":12,"column":13},"end":{"line":12,"column":39}}]}},"b":{"0":[3],"1":[3],"2":[3]},"fnMap":{"0":{"name":"customRender","decl":{"start":{"line":9,"column":21},"end":{"line":15,"column":2}},"loc":{"start":{"line":9,"column":21},"end":{"line":15,"column":2}},"line":9},"1":{"name":"wrapper","decl":{"start":{"line":12,"column":13},"end":{"line":12,"column":39}},"loc":{"start":{"line":12,"column":13},"end":{"line":12,"column":39}},"line":12}},"f":{"0":3,"1":3}}
}
